2026-02-11 20:07:37,768 [INFO] Activator:176 - 


2026-02-11 20:07:37,774 [INFO] Activator:177 - !SESSION log4j initialized
2026-02-11 20:07:42,671 [INFO] LogOutputStream:77 - [STDOUT_REDIRECT] 
2026-02-11 20:07:43,912 [ERROR] LogOutputStream:75 - [STDERR_REDIRECT] 
2026-02-11 20:07:46,175 [INFO] LogOutputStream:77 - [STDOUT_REDIRECT] 
2026-02-11 20:07:48,162 [INFO] ApplicationProperties:184 - Using Application install path: /Applications/STM32CubeIDE.app/Contents/Eclipse/plugins/com.st.stm32cube.common.mx_6.14.0.202502271554
2026-02-11 20:07:48,179 [INFO] DbMcusXml:78 - Set database path to: /Applications/STM32CubeIDE.app/Contents/Eclipse/plugins/com.st.stm32cube.common.mx_6.14.0.202502271554//db//mcu/
2026-02-11 20:07:48,179 [INFO] ApiDb:274 - Set plugin database path to: /Applications/STM32CubeIDE.app/Contents/Eclipse/plugins/com.st.stm32cube.common.mx_6.14.0.202502271554//db//plugins/boardmanager/
2026-02-11 20:07:48,180 [WARN] ApiDb:259 - Overriding images path with different value:  => /Applications/STM32CubeIDE.app/Contents/Eclipse/plugins/com.st.stm32cube.common.mx_6.14.0.202502271554//db//plugins/mcufinder/images/
2026-02-11 20:07:48,186 [INFO] ApiDb:250 - Set database path to: /Users/john/.stmcufinder/plugins/mcufinder//mcu/
2026-02-11 20:07:48,188 [INFO] DbMcusAds:125 - Set database path to: /Users/john/.stmcufinder/plugins/mcufinder//mcu/
2026-02-11 20:07:48,190 [INFO] CrossReferenceDbSqlite:203 - Set database path to: /Users/john/.stmcufinder/plugins/mcufinder//mcu/cs/
2026-02-11 20:07:48,351 [INFO] RulesReader:64 - Compatibility file has been processed (301 Rules)
2026-02-11 20:07:48,447 [INFO] DbMcusXml:78 - Set database path to: /Applications/STM32CubeIDE.app/Contents/Eclipse/plugins/com.st.stm32cube.common.mx_6.14.0.202502271554//db//mcu/
2026-02-11 20:07:48,447 [INFO] ApiDb:274 - Set plugin database path to: /Applications/STM32CubeIDE.app/Contents/Eclipse/plugins/com.st.stm32cube.common.mx_6.14.0.202502271554//db//plugins/boardmanager/
2026-02-11 20:07:48,448 [INFO] ApiDb:261 - Set plugin images path to: /Applications/STM32CubeIDE.app/Contents/Eclipse/plugins/com.st.stm32cube.common.mx_6.14.0.202502271554//db//plugins/mcufinder/images/
2026-02-11 20:07:48,448 [WARN] DbFile:41 - Overriding database path with different value: /Users/john/.stmcufinder/plugins/mcufinder/ => /Users/john/.stmcufinder/plugins/mcufinder
2026-02-11 20:07:48,448 [INFO] ApiDb:250 - Set database path to: /Users/john/.stmcufinder/plugins/mcufinder//mcu/
2026-02-11 20:07:48,448 [WARN] DbFile:41 - Overriding database path with different value: /Users/john/.stmcufinder/plugins/mcufinder/ => /Users/john/.stmcufinder/plugins/mcufinder
2026-02-11 20:07:48,448 [INFO] DbMcusAds:125 - Set database path to: /Users/john/.stmcufinder/plugins/mcufinder//mcu/
2026-02-11 20:07:48,448 [WARN] DbFile:41 - Overriding database path with different value: /Users/john/.stmcufinder/plugins/mcufinder/ => /Users/john/.stmcufinder/plugins/mcufinder
2026-02-11 20:07:48,448 [WARN] DbFile:41 - Overriding database path with different value: /Users/john/.stmcufinder/plugins/mcufinder/ => /Users/john/.stmcufinder/plugins/mcufinder
2026-02-11 20:07:48,448 [INFO] CrossReferenceDbSqlite:203 - Set database path to: /Users/john/.stmcufinder/plugins/mcufinder//mcu/cs/
2026-02-11 20:07:48,529 [INFO] MainPanel:272 - HeapMemory: 268435456
2026-02-11 20:07:48,804 [INFO] DbMcusXml:78 - Set database path to: /Applications/STM32CubeIDE.app/Contents/Eclipse/plugins/com.st.stm32cube.common.mx_6.14.0.202502271554//db//mcu/
2026-02-11 20:07:48,804 [INFO] ApiDb:274 - Set plugin database path to: /Applications/STM32CubeIDE.app/Contents/Eclipse/plugins/com.st.stm32cube.common.mx_6.14.0.202502271554//db//plugins/boardmanager/
2026-02-11 20:07:48,804 [INFO] ApiDb:261 - Set plugin images path to: /Applications/STM32CubeIDE.app/Contents/Eclipse/plugins/com.st.stm32cube.common.mx_6.14.0.202502271554//db//plugins/mcufinder/images/
2026-02-11 20:07:48,805 [WARN] DbFile:41 - Overriding database path with different value: /Users/john/.stmcufinder/plugins/mcufinder/ => /Users/john/.stmcufinder/plugins/mcufinder
2026-02-11 20:07:48,805 [INFO] ApiDb:250 - Set database path to: /Users/john/.stmcufinder/plugins/mcufinder//mcu/
2026-02-11 20:07:48,805 [WARN] DbFile:41 - Overriding database path with different value: /Users/john/.stmcufinder/plugins/mcufinder/ => /Users/john/.stmcufinder/plugins/mcufinder
2026-02-11 20:07:48,805 [INFO] DbMcusAds:125 - Set database path to: /Users/john/.stmcufinder/plugins/mcufinder//mcu/
2026-02-11 20:07:48,805 [WARN] DbFile:41 - Overriding database path with different value: /Users/john/.stmcufinder/plugins/mcufinder/ => /Users/john/.stmcufinder/plugins/mcufinder
2026-02-11 20:07:48,805 [WARN] DbFile:41 - Overriding database path with different value: /Users/john/.stmcufinder/plugins/mcufinder/ => /Users/john/.stmcufinder/plugins/mcufinder
2026-02-11 20:07:48,806 [INFO] CrossReferenceDbSqlite:203 - Set database path to: /Users/john/.stmcufinder/plugins/mcufinder//mcu/cs/
2026-02-11 20:07:48,825 [INFO] ApplicationProperties:184 - Using Application install path: /Applications/STM32CubeIDE.app/Contents/Eclipse/plugins/com.st.stm32cube.common.mx_6.14.0.202502271554
2026-02-11 20:07:48,826 [INFO] PluginManage:196 - Search for loadable plugins [exclusion list=, ]
2026-02-11 20:07:48,827 [INFO] PluginManage:310 - Check plugin analytics
2026-02-11 20:07:49,043 [INFO] AnalyticsPlugin:253 - Accepted Software Licenses: 
2026-02-11 20:07:49,043 [INFO] AnalyticsPlugin:255 - Accepted CMSIS Pack Licenses: 
2026-02-11 20:07:49,043 [INFO] AnalyticsPlugin:257 - Accepted Firmware Licenses: FW.F4.1.28.0,FW.G4.1.6.0,FW.C0.1.4.0
2026-02-11 20:07:49,058 [INFO] PluginManage:359 - Loaded plugin analytics (category:tool,tabindex:-1)
2026-02-11 20:07:49,059 [INFO] PluginManage:310 - Check plugin cadmodel
2026-02-11 20:07:49,076 [INFO] CADModel:105 - Init CAD model plugin
2026-02-11 20:07:49,076 [INFO] PluginManage:359 - Loaded plugin cadmodel (category:power,tabindex:5)
2026-02-11 20:07:49,076 [INFO] PluginManage:310 - Check plugin clock
2026-02-11 20:07:49,091 [INFO] PluginManage:359 - Loaded plugin clock (category:base,tabindex:2)
2026-02-11 20:07:49,091 [INFO] PluginManage:310 - Check plugin ddr
2026-02-11 20:07:49,094 [INFO] PluginManage:359 - Loaded plugin ddr (category:tool,tabindex:6)
2026-02-11 20:07:49,094 [INFO] PluginManage:310 - Check plugin filemanager
2026-02-11 20:07:49,305 [INFO] PluginManage:359 - Loaded plugin filemanager (category:base,tabindex:10)
2026-02-11 20:07:49,306 [INFO] PluginManage:310 - Check plugin ipmanager
2026-02-11 20:07:49,318 [INFO] PluginManage:359 - Loaded plugin ipmanager (category:base,tabindex:5)
2026-02-11 20:07:49,318 [INFO] PluginManage:310 - Check plugin lpbam
2026-02-11 20:07:49,332 [INFO] PluginManage:359 - Loaded plugin lpbam (category:base,tabindex:0)
2026-02-11 20:07:49,332 [INFO] PluginManage:310 - Check plugin memorymap
2026-02-11 20:07:49,345 [INFO] PluginManage:359 - Loaded plugin memorymap (category:base,tabindex:4)
2026-02-11 20:07:49,346 [INFO] PluginManage:310 - Check plugin pinoutandconfiguration
2026-02-11 20:07:49,357 [INFO] PluginManage:359 - Loaded plugin pinoutandconfiguration (category:base,tabindex:1)
2026-02-11 20:07:49,357 [INFO] PluginManage:310 - Check plugin pinoutconfig
2026-02-11 20:07:49,479 [WARN] SupportedApi:132 - Cannot load RTOS API schema: s4s-elt-must-match.1: The content of 'definitions' must match (annotation?, (simpleType | complexType)?, (unique | key | keyref)*)). A problem was found starting at: attribute.
2026-02-11 20:07:49,667 [INFO] PluginManage:359 - Loaded plugin pinoutconfig (category:base,tabindex:0)
2026-02-11 20:07:49,667 [INFO] PluginManage:310 - Check plugin power
2026-02-11 20:07:49,680 [INFO] PluginManage:359 - Loaded plugin power (category:power,tabindex:4)
2026-02-11 20:07:49,680 [INFO] PluginManage:310 - Check plugin projectmanager
2026-02-11 20:07:49,711 [INFO] PluginManage:359 - Loaded plugin projectmanager (category:projectmanager,tabindex:4)
2026-02-11 20:07:49,711 [INFO] PluginManage:310 - Check plugin rif
2026-02-11 20:07:49,721 [INFO] PluginManage:359 - Loaded plugin rif (category:base,tabindex:3)
2026-02-11 20:07:49,721 [INFO] PluginManage:310 - Check plugin thirdparty
2026-02-11 20:07:49,914 [INFO] PluginManage:359 - Loaded plugin thirdparty (category:base,tabindex:-1)
2026-02-11 20:07:49,914 [INFO] PluginManage:310 - Check plugin tools
2026-02-11 20:07:49,913 [WARN] IntegrityCheckThread:84 - waiting for thirdparty lock release [integrity check]
2026-02-11 20:07:49,917 [INFO] IntegrityCheckThread:86 - entering critical section [integrity check]
2026-02-11 20:07:49,917 [INFO] ThirdPartyUpdaterWithRetryManager:70 - Updater plugin not ready yet. [1/15]
2026-02-11 20:07:49,918 [INFO] PluginManage:359 - Loaded plugin tools (category:base,tabindex:7)
2026-02-11 20:07:49,918 [INFO] PluginManage:310 - Check plugin tutovideos
2026-02-11 20:07:50,136 [INFO] PluginManage:359 - Loaded plugin tutovideos (category:base,tabindex:-1)
2026-02-11 20:07:50,137 [INFO] PluginManage:310 - Check plugin updater
2026-02-11 20:07:50,176 [INFO] PluginManage:359 - Loaded plugin updater (category:base,tabindex:12)
2026-02-11 20:07:50,177 [INFO] PluginManage:310 - Check plugin userauth
2026-02-11 20:07:50,184 [INFO] UserAuth:118 - Init User Auth plugin
2026-02-11 20:07:50,187 [INFO] PluginManage:359 - Loaded plugin userauth (category:base,tabindex:14)
2026-02-11 20:07:50,190 [INFO] PluginManage:283 - PluginManage : Loaded plugins [18]
2026-02-11 20:07:50,529 [INFO] PinOutPanel:1589 - setPackage(No Configuration,No Configuration)
2026-02-11 20:07:50,611 [INFO] CADModel:165 - CPN selected for project level
2026-02-11 20:07:50,611 [INFO] CADModel:114 - Register for checkConnection events
2026-02-11 20:07:50,626 [INFO] IPUIPlugin:80 - create IPUIPlugin
2026-02-11 20:07:50,626 [INFO] PluginManager:220 - loadIPPluginJar : add mdma
2026-02-11 20:07:50,633 [INFO] IPUIPlugin:80 - create IPUIPlugin
2026-02-11 20:07:50,634 [INFO] PluginManager:220 - loadIPPluginJar : add freertos
2026-02-11 20:07:50,638 [INFO] IPUIPlugin:80 - create IPUIPlugin
2026-02-11 20:07:50,638 [INFO] PluginManager:220 - loadIPPluginJar : add gic
2026-02-11 20:07:50,663 [INFO] IPUIPlugin:80 - create IPUIPlugin
2026-02-11 20:07:50,663 [INFO] PluginManager:220 - loadIPPluginJar : add adc
2026-02-11 20:07:50,669 [INFO] IPUIPlugin:80 - create IPUIPlugin
2026-02-11 20:07:50,669 [INFO] PluginManager:220 - loadIPPluginJar : add gtzc
2026-02-11 20:07:50,670 [INFO] IPUIPlugin:80 - create IPUIPlugin
2026-02-11 20:07:50,670 [INFO] PluginManager:220 - loadIPPluginJar : add quadspi
2026-02-11 20:07:50,672 [INFO] IPUIPlugin:80 - create IPUIPlugin
2026-02-11 20:07:50,672 [INFO] PluginManager:220 - loadIPPluginJar : add aes
2026-02-11 20:07:50,674 [INFO] IPUIPlugin:80 - create IPUIPlugin
2026-02-11 20:07:50,674 [INFO] PluginManager:220 - loadIPPluginJar : add pdm2pcm
2026-02-11 20:07:50,676 [INFO] IPUIPlugin:80 - create IPUIPlugin
2026-02-11 20:07:50,676 [INFO] PluginManager:220 - loadIPPluginJar : add hash
2026-02-11 20:07:50,677 [INFO] IPUIPlugin:80 - create IPUIPlugin
2026-02-11 20:07:50,677 [INFO] PluginManager:220 - loadIPPluginJar : add tim
2026-02-11 20:07:50,678 [INFO] IPUIPlugin:80 - create IPUIPlugin
2026-02-11 20:07:50,679 [INFO] PluginManager:220 - loadIPPluginJar : add tsc
2026-02-11 20:07:50,681 [INFO] IPUIPlugin:80 - create IPUIPlugin
2026-02-11 20:07:50,681 [INFO] PluginManager:220 - loadIPPluginJar : add extmemmanager
2026-02-11 20:07:50,683 [INFO] IPUIPlugin:80 - create IPUIPlugin
2026-02-11 20:07:50,683 [INFO] PluginManager:220 - loadIPPluginJar : add ts
2026-02-11 20:07:50,683 [INFO] IPUIPlugin:80 - create IPUIPlugin
2026-02-11 20:07:50,684 [INFO] PluginManager:220 - loadIPPluginJar : add radio
2026-02-11 20:07:50,685 [INFO] IPUIPlugin:80 - create IPUIPlugin
2026-02-11 20:07:50,685 [INFO] PluginManager:220 - loadIPPluginJar : add can
2026-02-11 20:07:50,687 [INFO] IPUIPlugin:80 - create IPUIPlugin
2026-02-11 20:07:50,687 [INFO] PluginManager:220 - loadIPPluginJar : add dma3
2026-02-11 20:07:50,689 [INFO] IPUIPlugin:80 - create IPUIPlugin
2026-02-11 20:07:50,689 [INFO] PluginManager:220 - loadIPPluginJar : add dfsdm
2026-02-11 20:07:50,691 [INFO] IPUIPlugin:80 - create IPUIPlugin
2026-02-11 20:07:50,691 [INFO] PluginManager:220 - loadIPPluginJar : add spi
2026-02-11 20:07:50,693 [INFO] IPUIPlugin:80 - create IPUIPlugin
2026-02-11 20:07:50,693 [INFO] PluginManager:220 - loadIPPluginJar : add gfxmmu
2026-02-11 20:07:50,694 [INFO] IPUIPlugin:80 - create IPUIPlugin
2026-02-11 20:07:50,695 [INFO] PluginManager:220 - loadIPPluginJar : add genericplugin
2026-02-11 20:07:50,696 [INFO] IPUIPlugin:80 - create IPUIPlugin
2026-02-11 20:07:50,696 [INFO] PluginManager:220 - loadIPPluginJar : add cryp
2026-02-11 20:07:50,701 [INFO] IPUIPlugin:80 - create IPUIPlugin
2026-02-11 20:07:50,701 [INFO] PluginManager:220 - loadIPPluginJar : add gpio
2026-02-11 20:07:50,703 [INFO] IPUIPlugin:80 - create IPUIPlugin
2026-02-11 20:07:50,704 [INFO] PluginManager:220 - loadIPPluginJar : add ddr_ctrl_phy
2026-02-11 20:07:50,706 [INFO] IPUIPlugin:80 - create IPUIPlugin
2026-02-11 20:07:50,706 [INFO] PluginManager:220 - loadIPPluginJar : add comp
2026-02-11 20:07:50,708 [INFO] IPUIPlugin:80 - create IPUIPlugin
2026-02-11 20:07:50,709 [INFO] PluginManager:220 - loadIPPluginJar : add tracer_emb
2026-02-11 20:07:50,711 [INFO] IPUIPlugin:80 - create IPUIPlugin
2026-02-11 20:07:50,711 [INFO] PluginManager:220 - loadIPPluginJar : add openamp
2026-02-11 20:07:50,715 [INFO] IPUIPlugin:80 - create IPUIPlugin
2026-02-11 20:07:50,716 [INFO] PluginManager:220 - loadIPPluginJar : add stm32_wpan
2026-02-11 20:07:50,720 [INFO] IPUIPlugin:80 - create IPUIPlugin
2026-02-11 20:07:50,724 [INFO] PluginManager:220 - loadIPPluginJar : add plateformsettings
2026-02-11 20:07:50,727 [INFO] IPUIPlugin:80 - create IPUIPlugin
2026-02-11 20:07:50,727 [INFO] PluginManager:220 - loadIPPluginJar : add ipddr
2026-02-11 20:07:50,728 [INFO] IPUIPlugin:80 - create IPUIPlugin
2026-02-11 20:07:50,729 [INFO] PluginManager:220 - loadIPPluginJar : add usart
2026-02-11 20:07:50,730 [INFO] IPUIPlugin:80 - create IPUIPlugin
2026-02-11 20:07:50,730 [INFO] PluginManager:220 - loadIPPluginJar : add ltdc
2026-02-11 20:07:50,732 [INFO] IPUIPlugin:80 - create IPUIPlugin
2026-02-11 20:07:50,732 [INFO] PluginManager:220 - loadIPPluginJar : add nvic
2026-02-11 20:07:50,733 [INFO] IPUIPlugin:80 - create IPUIPlugin
2026-02-11 20:07:50,734 [INFO] PluginManager:220 - loadIPPluginJar : add fatfs
2026-02-11 20:07:50,741 [INFO] IPUIPlugin:80 - create IPUIPlugin
2026-02-11 20:07:50,741 [INFO] PluginManager:220 - loadIPPluginJar : add linkedlist
2026-02-11 20:07:50,746 [INFO] IPUIPlugin:80 - create IPUIPlugin
2026-02-11 20:07:50,747 [INFO] PluginManager:220 - loadIPPluginJar : add dma
2026-02-11 20:07:50,750 [INFO] IPUIPlugin:80 - create IPUIPlugin
2026-02-11 20:07:50,750 [INFO] PluginManager:220 - loadIPPluginJar : add fmc
2026-02-11 20:07:50,752 [INFO] IPUIPlugin:80 - create IPUIPlugin
2026-02-11 20:07:50,752 [INFO] PluginManager:220 - loadIPPluginJar : add i2s
2026-02-11 20:07:50,753 [INFO] IPUIPlugin:80 - create IPUIPlugin
2026-02-11 20:07:50,753 [INFO] PluginManager:220 - loadIPPluginJar : add ucpd
2026-02-11 20:07:50,755 [INFO] IPUIPlugin:80 - create IPUIPlugin
2026-02-11 20:07:50,755 [INFO] PluginManager:220 - loadIPPluginJar : add lorawan
2026-02-11 20:07:50,758 [INFO] IPUIPlugin:80 - create IPUIPlugin
2026-02-11 20:07:50,758 [INFO] PluginManager:220 - loadIPPluginJar : add opamp
2026-02-11 20:07:50,760 [INFO] IPUIPlugin:80 - create IPUIPlugin
2026-02-11 20:07:50,760 [INFO] PluginManager:220 - loadIPPluginJar : add i3c
2026-02-11 20:07:50,763 [INFO] IPUIPlugin:80 - create IPUIPlugin
2026-02-11 20:07:50,766 [INFO] PluginManager:220 - loadIPPluginJar : add touchsensing
2026-02-11 20:07:50,768 [INFO] IPUIPlugin:80 - create IPUIPlugin
2026-02-11 20:07:50,768 [INFO] PluginManager:220 - loadIPPluginJar : add i2c
2026-02-11 20:07:50,771 [INFO] IPUIPlugin:80 - create IPUIPlugin
2026-02-11 20:07:50,771 [INFO] PluginManager:220 - loadIPPluginJar : add resmgrutility
2026-02-11 20:07:50,773 [INFO] IPUIPlugin:80 - create IPUIPlugin
2026-02-11 20:07:50,774 [INFO] PluginManager:220 - loadIPPluginJar : add sai
2026-02-11 20:07:50,777 [INFO] IPUIPlugin:80 - create IPUIPlugin
2026-02-11 20:07:50,777 [INFO] PluginManager:220 - loadIPPluginJar : add usbx
2026-02-11 20:07:50,908 [FATAL] Updater:351 - Updater called before beeing initialized
2026-02-11 20:07:50,986 [INFO] RulesReader:64 - Compatibility file has been processed (301 Rules)
2026-02-11 20:07:51,019 [INFO] RulesReader:64 - Compatibility file has been processed (301 Rules)
2026-02-11 20:07:51,034 [INFO] CADModel:165 - CPN selected for project level
2026-02-11 20:07:51,034 [INFO] CADModel:114 - Register for checkConnection events
2026-02-11 20:07:51,034 [FATAL] Updater:351 - Updater called before beeing initialized
2026-02-11 20:07:51,034 [ERROR] CADModel:125 - Updater not yet initialized, retry later 
2026-02-11 20:07:51,290 [FATAL] Updater:351 - Updater called before beeing initialized
2026-02-11 20:07:51,292 [INFO] CADModel:165 - CPN selected for project level
2026-02-11 20:07:51,292 [INFO] CADModel:114 - Register for checkConnection events
2026-02-11 20:07:51,292 [FATAL] Updater:351 - Updater called before beeing initialized
2026-02-11 20:07:51,292 [ERROR] CADModel:125 - Updater not yet initialized, retry later 
2026-02-11 20:07:51,295 [FATAL] Updater:351 - Updater called before beeing initialized
2026-02-11 20:07:51,462 [FATAL] Updater:351 - Updater called before beeing initialized
2026-02-11 20:07:51,468 [INFO] DbMcusAds:53 - JSON generation date=Thu Jan 08 07:57:51 PST 2026 (1767887871456)
2026-02-11 20:07:51,469 [FATAL] Updater:351 - Updater called before beeing initialized
2026-02-11 20:07:51,532 [WARN] DetailPanel:346 - Failed to get advertising image, set to default
2026-02-11 20:07:51,759 [FATAL] Updater:351 - Updater called before beeing initialized
2026-02-11 20:07:51,762 [FATAL] Updater:351 - Updater called before beeing initialized
2026-02-11 20:07:51,762 [FATAL] Updater:351 - Updater called before beeing initialized
2026-02-11 20:07:51,762 [WARN] DetailPanel:346 - Failed to get advertising image, set to default
2026-02-11 20:07:51,764 [FATAL] Updater:351 - Updater called before beeing initialized
2026-02-11 20:07:51,821 [ERROR] Updater:1198 - MainUpdater not yet initialized. External WinMGr cannot be set.
2026-02-11 20:07:51,824 [INFO] Updater:1134 - Updater Version found : 6.14.0
2026-02-11 20:07:51,841 [INFO] ApplicationProperties:184 - Using Application install path: /Applications/STM32CubeIDE.app/Contents/Eclipse/plugins/com.st.stm32cube.common.mx_6.14.0.202502271554
2026-02-11 20:07:52,247 [INFO] MainUpdater:2872 - connection check result : 10
2026-02-11 20:07:52,247 [INFO] MainUpdater:3566 - Updater definition file requires update
2026-02-11 20:07:52,248 [INFO] MainUpdater:289 - Updater Check For Update Now.
2026-02-11 20:07:52,249 [INFO] MicroXplorer:498 - Change Database Version : DB.6.0.140
2026-02-11 20:07:52,256 [INFO] McuFinderGlobals:63 - Set McuFinder mode to 2 (CubeIDE integrated)
2026-02-11 20:07:52,258 [INFO] UserAuth:486 - Internet connection configuration mode: 1
2026-02-11 20:07:52,271 [INFO] JxBrowserEngine:152 - Initiate JxBrowser Engine with user profile folder
2026-02-11 20:07:52,924 [WARN] MainUpdater:1193 - Updater busy. Cannot search thirdparties
2026-02-11 20:07:52,924 [INFO] ThirdPartyUpdaterWithRetryManager:96 - Updater plugin is busy. [1/15]
2026-02-11 20:07:53,111 [INFO] ServerAccessManage:473 - Download File updaters.zip
2026-02-11 20:07:53,244 [INFO] FileExtend:242 - Unzip File : updaters.zip
2026-02-11 20:07:53,245 [INFO] FileExtend:257 - Standard Zip Deflate
2026-02-11 20:07:53,992 [INFO] ServerAccessManage:473 - Download File PacksControlFlags.xml
2026-02-11 20:07:54,710 [INFO] ServerAccessManage:473 - Download File cubemx.pidx
2026-02-11 20:07:54,893 [INFO] LoadServerUpdatesThread:375 - End of LoadServerUpdate Thread
2026-02-11 20:07:55,099 [INFO] CheckServerUpdateThread:120 - End of CheckServer Thread
2026-02-11 20:07:56,129 [WARN] PackLoader:240 - Cannot read IP mode file for STMicroelectronics.FP-SNS-MOTENVWB1.1.4.0
2026-02-11 20:07:56,149 [WARN] PackLoader:240 - Cannot read IP mode file for STMicroelectronics.FP-ATR-ASTRA1.2.0.2
2026-02-11 20:07:56,165 [WARN] PackLoader:240 - Cannot read IP mode file for STMicroelectronics.X-CUBE-SMBUS.2.1.0
2026-02-11 20:07:56,178 [WARN] PackLoader:240 - Cannot read IP mode file for STMicroelectronics.X-CUBE-WB05N.1.1.0
2026-02-11 20:07:56,191 [WARN] PackLoader:240 - Cannot read IP mode file for STMicroelectronics.X-CUBE-ST60.1.0.0
2026-02-11 20:07:56,248 [WARN] PackLoader:240 - Cannot read IP mode file for STMicroelectronics.X-CUBE-AZRTOS-F7.1.1.0
2026-02-11 20:07:56,277 [ERROR] Engine:466 - /Users/john/.stm32cubemx/thirdparties/pdsc/STMicroelectronics.FP-SNS-MOTENV1.5.1.0.pdsc: PDSC version is not supported
2026-02-11 20:07:56,354 [WARN] PackLoader:240 - Cannot read IP mode file for Infineon.AIROC-Wi-Fi-Bluetooth-STM32.1.7.0
2026-02-11 20:07:56,452 [WARN] PackLoader:240 - Cannot read IP mode file for STMicroelectronics.X-CUBE-AZRTOS-H7.3.4.0
2026-02-11 20:07:56,502 [WARN] PackLoader:240 - Cannot read IP mode file for STMicroelectronics.X-CUBE-DISPLAY.3.0.0
2026-02-11 20:07:56,538 [WARN] PackLoader:240 - Cannot read IP mode file for STMicroelectronics.X-CUBE-NFC10.1.0.0
2026-02-11 20:07:56,579 [WARN] PackLoader:240 - Cannot read IP mode file for STMicroelectronics.X-CUBE-BLEMGR.4.0.0
2026-02-11 20:07:56,597 [WARN] PackLoader:240 - Cannot read IP mode file for STMicroelectronics.X-CUBE-ST60.1.1.0
2026-02-11 20:07:56,614 [WARN] PackLoader:240 - Cannot read IP mode file for emotas.I-CUBE-CANOPEN.1.3.0
2026-02-11 20:07:56,627 [WARN] PackLoader:240 - Cannot read IP mode file for STMicroelectronics.X-CUBE-GNSS1.7.1.0
2026-02-11 20:07:56,636 [WARN] ConditionMgr:438 - getConditionDescription Invalid condition id : Cortex-A Device cause : null
2026-02-11 20:07:56,668 [WARN] ConditionMgr:1044 - genDependencies : Invalid condition id : Cortex-A Device cause : null
2026-02-11 20:07:56,668 [WARN] ConditionMgr:1044 - genDependencies : Invalid condition id : Cortex-A Device cause : null
2026-02-11 20:07:56,668 [WARN] ConditionMgr:1044 - genDependencies : Invalid condition id : Cortex-A Device cause : null
2026-02-11 20:07:56,673 [WARN] PackLoader:240 - Cannot read IP mode file for STMicroelectronics.X-CUBE-AI.10.0.0
2026-02-11 20:07:56,681 [ERROR] Engine:466 - /Users/john/.stm32cubemx/thirdparties/pdsc/STMicroelectronics.FP-SNS-STBOX1.2.1.0.pdsc: PDSC version is not supported
2026-02-11 20:07:56,687 [WARN] PackLoader:240 - Cannot read IP mode file for STMicroelectronics.FP-SNS-SMARTAG2.1.2.0
2026-02-11 20:07:56,701 [WARN] PackLoader:240 - Cannot read IP mode file for STMicroelectronics.FP-SNS-FLIGHT1.5.1.0
2026-02-11 20:07:56,799 [WARN] PackLoader:240 - Cannot read IP mode file for STMicroelectronics.X-CUBE-MEMS1.11.1.0
2026-02-11 20:07:56,955 [INFO] LogOutputStream:77 - [STDOUT_REDIRECT] 1 : Invalid condition id : UX_CORESTACK_Condition cause : null
2026-02-11 20:07:56,957 [INFO] LogOutputStream:77 - [STDOUT_REDIRECT] 1 : Invalid condition id : UX_CORESTACK_Condition cause : null
2026-02-11 20:07:56,958 [INFO] LogOutputStream:77 - [STDOUT_REDIRECT] 1 : Invalid condition id : UX_CORESTACK_Condition cause : null
2026-02-11 20:07:56,958 [INFO] LogOutputStream:77 - [STDOUT_REDIRECT] 1 : Invalid condition id : UX_CORESTACK_Condition cause : null
2026-02-11 20:07:56,958 [INFO] LogOutputStream:77 - [STDOUT_REDIRECT] 1 : Invalid condition id : UX_CORESTACK_Condition cause : null
2026-02-11 20:07:56,964 [WARN] PackLoader:240 - Cannot read IP mode file for STMicroelectronics.X-CUBE-AZRTOS-WL.2.0.0
2026-02-11 20:07:56,990 [WARN] PackLoader:240 - Cannot read IP mode file for STMicroelectronics.FP-SNS-MOTENV1.5.0.0
2026-02-11 20:07:57,028 [WARN] PackLoader:240 - Cannot read IP mode file for STMicroelectronics.X-CUBE-AZRTOS-H7RS.1.2.0
2026-02-11 20:07:57,053 [WARN] PackLoader:240 - Cannot read IP mode file for WES.I-CUBE-Cesium.1.3.0
2026-02-11 20:07:57,065 [WARN] PackLoader:240 - Cannot read IP mode file for STMicroelectronics.X-CUBE-BLE2.3.3.0
2026-02-11 20:07:57,101 [WARN] PackLoader:240 - Cannot read IP mode file for STMicroelectronics.X-CUBE-NFC9.1.0.0
2026-02-11 20:07:57,126 [WARN] PackLoader:240 - Cannot read IP mode file for STMicroelectronics.X-CUBE-BLE1.7.1.0
2026-02-11 20:07:57,135 [WARN] PackLoader:240 - Cannot read IP mode file for wolfSSL.I-CUBE-wolfMQTT.1.19.2
2026-02-11 20:07:57,139 [ERROR] Engine:466 - /Users/john/.stm32cubemx/thirdparties/pdsc/STMicroelectronics.X-CUBE-FREERTOS.1.4.0.pdsc: PDSC version is not supported
2026-02-11 20:07:57,155 [WARN] PackLoader:240 - Cannot read IP mode file for STMicroelectronics.X-CUBE-EEPRMA1.5.2.0
2026-02-11 20:07:57,294 [WARN] PackLoader:240 - Cannot read IP mode file for STMicroelectronics.X-CUBE-MEMS1.12.0.0
2026-02-11 20:07:57,518 [WARN] PackLoader:240 - Cannot read IP mode file for STMicroelectronics.X-CUBE-MEMS1.11.2.0
2026-02-11 20:07:57,649 [INFO] WebApp:169 - Instantiating new browser for Auth
2026-02-11 20:07:57,664 [WARN] PackLoader:240 - Cannot read IP mode file for STMicroelectronics.X-CUBE-AZRTOS-G0.1.1.0
2026-02-11 20:07:57,724 [WARN] PackLoader:240 - Cannot read IP mode file for STMicroelectronics.X-CUBE-SAFEA1.1.2.2
2026-02-11 20:07:57,757 [WARN] PackLoader:240 - Cannot read IP mode file for STMicroelectronics.X-CUBE-NFC4.3.0.0
2026-02-11 20:07:57,811 [WARN] PackLoader:240 - Cannot read IP mode file for EmbeddedOffice.I-CUBE-FS-RTOS.1.0.1
2026-02-11 20:07:57,832 [WARN] PackLoader:240 - Cannot read IP mode file for STMicroelectronics.X-CUBE-WB05N.2.0.0
2026-02-11 20:07:57,848 [WARN] PackLoader:240 - Cannot read IP mode file for wolfSSL.I-CUBE-wolfTPM.3.8.0
2026-02-11 20:07:57,867 [WARN] PackLoader:240 - Cannot read IP mode file for STMicroelectronics.X-CUBE-TCPP.4.2.0
2026-02-11 20:07:57,892 [WARN] PackLoader:240 - Cannot read IP mode file for RealThread.X-CUBE-RT-Thread_Nano.4.1.1
2026-02-11 20:07:57,902 [WARN] PackLoader:240 - Cannot read IP mode file for STMicroelectronics.FP-ATR-SIGFOX1.3.2.0
2026-02-11 20:07:57,914 [WARN] PackLoader:240 - Cannot read IP mode file for STMicroelectronics.X-CUBE-EEPRMA1.5.1.0
2026-02-11 20:07:57,920 [WARN] PackLoader:240 - Cannot read IP mode file for wolfSSL.I-CUBE-wolfSSL.5.7.6
2026-02-11 20:07:57,926 [WARN] PackLoader:240 - Cannot read IP mode file for ITTIA_DB.I-CUBE-ITTIADB.8.9.0
2026-02-11 20:07:57,942 [WARN] PackLoader:240 - Cannot read IP mode file for STMicroelectronics.X-CUBE-NFC6.3.2.0
2026-02-11 20:07:57,955 [WARN] PackLoader:240 - Cannot read IP mode file for STMicroelectronics.X-CUBE-ST67W61.1.0.0
2026-02-11 20:07:57,961 [WARN] PackLoader:240 - Cannot read IP mode file for STMicroelectronics.X-CUBE-AI.10.2.0
2026-02-11 20:07:58,028 [WARN] PackLoader:240 - Cannot read IP mode file for SEGGER.I-CUBE-embOS.1.3.1
2026-02-11 20:07:58,074 [WARN] PackLoader:240 - Cannot read IP mode file for STMicroelectronics.X-CUBE-ALGOBUILD.1.4.0
2026-02-11 20:07:58,168 [WARN] PackLoader:240 - Cannot read IP mode file for STMicroelectronics.X-CUBE-MEMS1.11.3.0
2026-02-11 20:07:58,271 [WARN] PackLoader:240 - Cannot read IP mode file for STMicroelectronics.X-CUBE-PM33A1.1.0.0
2026-02-11 20:07:58,305 [WARN] PackLoader:240 - Cannot read IP mode file for STMicroelectronics.X-CUBE-AZRTOS-F4.1.1.0
2026-02-11 20:07:58,321 [WARN] PackLoader:240 - Cannot read IP mode file for Avnet-IotConnect.X-CUBE-IoTC-DA16k-PMOD.1.0.0
2026-02-11 20:07:58,325 [WARN] PackLoader:240 - Cannot read IP mode file for STMicroelectronics.X-CUBE-ISPU.2.1.0
2026-02-11 20:07:58,330 [ERROR] Engine:466 - /Users/john/.stm32cubemx/thirdparties/pdsc/STMicroelectronics.X-CUBE-IPS.3.2.0.pdsc: PDSC version is not supported
2026-02-11 20:07:58,337 [WARN] PackLoader:240 - Cannot read IP mode file for STMicroelectronics.X-CUBE-NFC12.1.0.0
2026-02-11 20:07:58,359 [WARN] PackLoader:240 - Cannot read IP mode file for STMicroelectronics.X-CUBE-AZRTOS-L5.2.0.0
2026-02-11 20:07:58,374 [WARN] PackLoader:240 - Cannot read IP mode file for STMicroelectronics.X-CUBE-NFC6.3.1.0
2026-02-11 20:07:58,386 [WARN] PackLoader:240 - Cannot read IP mode file for STMicroelectronics.X-CUBE-FREERTOS.1.3.1
2026-02-11 20:07:58,393 [WARN] PackLoader:240 - Cannot read IP mode file for STMicroelectronics.X-CUBE-FREERTOS.1.3.0
2026-02-11 20:07:58,402 [WARN] PackLoader:240 - Cannot read IP mode file for STMicroelectronics.X-CUBE-NFC7.1.0.1
2026-02-11 20:07:58,408 [WARN] PackLoader:240 - Cannot read IP mode file for STMicroelectronics.X-CUBE-TOUCHGFX.4.26.0
2026-02-11 20:07:58,414 [WARN] PackLoader:240 - Cannot read IP mode file for STMicroelectronics.FP-SNS-STAIOTCFT.1.0.0
2026-02-11 20:07:58,424 [WARN] PackLoader:240 - Cannot read IP mode file for STMicroelectronics.X-CUBE-DPower.1.3.0
2026-02-11 20:07:58,450 [WARN] ConditionMgr:438 - getConditionDescription Invalid condition id : LAN8742 Phy interface Condition cause : null
2026-02-11 20:07:58,451 [WARN] PackLoader:240 - Cannot read IP mode file for STMicroelectronics.X-CUBE-AZRTOS-L4.2.0.0
2026-02-11 20:07:58,454 [WARN] ConditionMgr:1044 - genDependencies : Invalid condition id : LAN8742 Phy interface Condition cause : null
2026-02-11 20:07:58,456 [WARN] ConditionMgr:1044 - genDependencies : Invalid condition id : LAN8742 Phy interface Condition cause : null
2026-02-11 20:07:58,457 [WARN] ConditionMgr:1044 - genDependencies : Invalid condition id : LAN8742 Phy interface Condition cause : null
2026-02-11 20:07:58,464 [WARN] PackLoader:240 - Cannot read IP mode file for STMicroelectronics.X-CUBE-SFXS2LP1.4.0.0
2026-02-11 20:07:58,469 [ERROR] Engine:466 - /Users/john/.stm32cubemx/thirdparties/pdsc/STMicroelectronics.X-CUBE-ST67W61.1.2.0.pdsc: PDSC version is not supported
2026-02-11 20:07:58,511 [WARN] PackLoader:240 - Cannot read IP mode file for STMicroelectronics.X-CUBE-AZRTOS-H7.3.3.0
2026-02-11 20:07:58,546 [WARN] PackLoader:240 - Cannot read IP mode file for STMicroelectronics.X-CUBE-BLEMGR.4.1.0
2026-02-11 20:07:58,577 [WARN] ConditionMgr:438 - getConditionDescription Invalid condition id : UX DEVICE CLASS RTOS Condition cause : null
2026-02-11 20:07:58,577 [WARN] ConditionMgr:438 - getConditionDescription Invalid condition id : UX DEVICE CLASS RTOS Condition cause : null
2026-02-11 20:07:58,581 [WARN] PackLoader:240 - Cannot read IP mode file for STMicroelectronics.X-CUBE-AZRTOS-WB.2.0.0
2026-02-11 20:07:58,582 [WARN] ConditionMgr:1044 - genDependencies : Invalid condition id : UX DEVICE CLASS RTOS Condition cause : null
2026-02-11 20:07:58,582 [WARN] ConditionMgr:1044 - genDependencies : Invalid condition id : UX DEVICE CLASS RTOS Condition cause : null
2026-02-11 20:07:58,582 [WARN] ConditionMgr:1044 - genDependencies : Invalid condition id : UX DEVICE CLASS RTOS Condition cause : null
2026-02-11 20:07:58,583 [WARN] ConditionMgr:1044 - genDependencies : Invalid condition id : UX DEVICE CLASS RTOS Condition cause : null
2026-02-11 20:07:58,583 [WARN] ConditionMgr:1044 - genDependencies : Invalid condition id : UX DEVICE CLASS RTOS Condition cause : null
2026-02-11 20:07:58,592 [WARN] PackLoader:240 - Cannot read IP mode file for STMicroelectronics.X-CUBE-GNSS1.7.0.1
2026-02-11 20:07:58,601 [WARN] PackLoader:240 - Cannot read IP mode file for STMicroelectronics.X-CUBE-TOUCHGFX.4.25.0
2026-02-11 20:07:58,610 [WARN] PackLoader:240 - Cannot read IP mode file for STMicroelectronics.FP-SNS-STBOX1.2.0.0
2026-02-11 20:07:58,626 [WARN] PackLoader:240 - Cannot read IP mode file for STMicroelectronics.X-CUBE-STSE01.2.0.0
2026-02-11 20:07:58,644 [WARN] PackLoader:240 - Cannot read IP mode file for STMicroelectronics.X-CUBE-SUBG2.5.0.0
2026-02-11 20:07:58,677 [WARN] PackLoader:240 - Cannot read IP mode file for STMicroelectronics.X-CUBE-AZRTOS-H7RS.1.1.0
2026-02-11 20:07:58,698 [WARN] PackLoader:240 - Cannot read IP mode file for Cesanta.I-CUBE-Mongoose.7.13.0
2026-02-11 20:07:58,719 [WARN] PackLoader:240 - Cannot read IP mode file for STMicroelectronics.X-CUBE-AZRTOS-G4.2.0.0
2026-02-11 20:07:58,733 [WARN] PackLoader:240 - Cannot read IP mode file for wolfSSL.I-CUBE-wolfSSH.1.4.20
2026-02-11 20:07:58,738 [WARN] PackLoader:240 - Cannot read IP mode file for STMicroelectronics.X-CUBE-NFC7.2.0.0
2026-02-11 20:07:58,749 [WARN] PackLoader:240 - Cannot read IP mode file for STMicroelectronics.X-CUBE-IPS.3.1.0
2026-02-11 20:07:58,758 [WARN] PackLoader:240 - Cannot read IP mode file for STMicroelectronics.X-CUBE-ALS.1.0.2
2026-02-11 20:07:58,764 [WARN] PackLoader:240 - Cannot read IP mode file for portGmbH.I-Cube-SoM-uGOAL.1.1.0
2026-02-11 20:07:58,777 [WARN] PackLoader:240 - Cannot read IP mode file for STMicroelectronics.X-CUBE-TOF1.3.4.2
2026-02-11 20:07:58,798 [WARN] PackLoader:240 - Cannot read IP mode file for STMicroelectronics.X-CUBE-TOF1.3.4.3
2026-02-11 20:07:58,806 [INFO] ThirdParty:978 - Integrity check success = true
2026-02-11 20:07:58,806 [INFO] IntegrityCheckThread:100 - exiting critical section [integrity check]
2026-02-11 20:07:58,807 [INFO] IntegrityCheckThread:103 - End integrity checks thread
2026-02-11 20:07:59,493 [INFO] WebApp:463 - Apply proxy settings
2026-02-11 20:07:59,502 [INFO] WebApp:508 - Chromium authenticates against Manually configured proxy
2026-02-11 20:07:59,533 [INFO] WebApp:516 - Username used for proxy authentication: 
2026-02-11 20:07:59,586 [INFO] WebApp:894 - Register for checkConnection events
2026-02-11 20:07:59,586 [INFO] WebApp:463 - Apply proxy settings
2026-02-11 20:07:59,589 [INFO] WebApp:508 - Chromium authenticates against Manually configured proxy
2026-02-11 20:07:59,590 [INFO] WebApp:516 - Username used for proxy authentication: 
2026-02-11 20:07:59,806 [INFO] WebApp:225 - Starting web application
2026-02-11 20:07:59,806 [INFO] WebApp:593 - Web application path used /Applications/STM32CubeIDE.app/Contents/Eclipse/plugins/com.st.stm32cube.common.mx_6.14.0.202502271554/db/plugins/mcufinder/reactClient1/index.html
2026-02-11 20:08:00,319 [INFO] WebApp:191 - Connection restablished
2026-02-11 20:08:00,684 [INFO] UserAuth:486 - Internet connection configuration mode: 1
